epoch,RMSE,loss,val_RMSE,val_loss
0,6.294013617789909,6.294013652082992,3.2440832617518667,3.2440832617518667
1,3.91178186036445,3.911781845866023,2.654966041281983,2.654966041281983
2,3.680727301372422,3.6807272881269455,2.6132215824755995,2.6132216348752872
3,3.411862347577069,3.4118623524098783,2.3233824968338013,2.323382575433333
4,3.233386517387547,3.233386516571045,2.5311525418208194,2.5311525549207414
5,3.270536448504474,3.2705364340060465,2.0098790585339725,2.0098790585339725
6,3.091457313961453,3.091457294093238,2.0736898524420604,2.0736898393421384
7,2.840443872425654,2.8404438969207138,2.0438636318667904,2.0438636580666345
8,2.7950365156740755,2.795036508424862,1.8181678436614654,1.8181678567613875
9,2.830645303203635,2.830645254213516,1.7685687830159953,1.7685687830159953
0,2.531768555510534,2.53176855796004,1.9122069373235597,1.9122069897232474
1,2.619647044025055,2.6196470562725853,1.6458973360585643,1.6458973111687125
2,2.5436434463874713,2.5436434415546625,1.8613339466053052,1.8613339466053052
3,2.468611721306631,2.468611726205643,1.7230461639362378,1.7230461259464642
4,2.4864856976352328,2.486485692736221,1.4370208939353188,1.4370208939353188
5,2.4973260939937747,2.497326084195751,2.2054338114602223,2.2054338376600664
6,2.5114449017668425,2.511444926261902,1.451055108190893,1.4510550950909709
7,2.34881347662782,2.34881347662782,1.2904188266167274,1.2904188266167274
8,2.2469692528247833,2.2469692383263564,1.4316700749344877,1.4316700749344877
9,2.2478526103986454,2.2478525981511157,1.6337221828135815,1.6337222090134254
0,2.2890470313699276,2.2890469970768446,1.4243209971176398,1.4243210167675229
1,2.1557996983397496,2.1557997007892555,1.4373698581706036,1.4373698581706036
2,2.1686360297137743,2.168636045227312,1.5566241177883777,1.5566241190983698
3,2.2171498891469597,2.2171498939797685,1.2169570097556481,1.216957042505453
4,2.197885083825621,2.1978850740275973,1.270679771900177,1.2706797519227961
0,2.0300141442311954,2.030014151579713,1.167316816010318,1.1673167767105521
1,2.01968943501172,2.0196894497087556,1.2354987522402963,1.23549877844014
2,2.0033517383240365,2.0033517334912276,1.4607625466126661,1.4607625073129005
3,2.0770629072842532,2.0770628999357355,1.0297503969171544,1.0297504165670375
4,1.9451347646647936,1.945134747518252,1.3777954617699424,1.3777954879697862
0,2.002518671589929,2.0025186595079063,1.294022879757724,1.2940228784477317
1,1.8533433750271797,1.8533433725436528,1.053402760526636,1.0534027474267142
0,1.882406771988482,1.882406753462714,1.0332829585442176,1.0332829454442958
1,1.8796011358499527,1.879601150751114,1.1578303103918557,1.1578303234917777
2,1.7853182868377582,1.7853182747557357,1.6155899343909799,1.6155899343909799
3,1.8352843131104561,1.835284318009468,1.1007352366552248,1.100735210455381
4,1.8740331465250826,1.8740331391765648,1.0994764055524553,1.0994763793526114
0,1.7754407843498334,1.7754407672032917,1.0985741667695097,1.098574160219549
1,1.787325060850865,1.7873250753492922,0.9822167276026128,0.9822167341525738
2,1.7130979489949014,1.7130979440278478,1.0991456845959464,1.0991457238957123
3,1.7562179170750283,1.7562179122422192,1.1786817145216597,1.1786816883218156
4,1.693481536760722,1.69348154410924,0.9650405442321693,0.9650405573320913
0,1.6523730322106245,1.6523730297611183,0.9736627975662986,0.9736628041162596
1,1.7379689562965084,1.737968949047295,1.3481320561943473,1.3481320561943473
2,1.640258695164772,1.640258692715266,0.9977087738749745,0.9977087738749745
3,1.6344984794316226,1.6344984745326108,0.9708789482221498,0.9708789678720328
4,1.6514659548458988,1.6514659585201577,0.7755458767597492,0.7755458833097102
0,1.6390684077868591,1.639068398121241,0.8252583322944221,0.8252583519443051
1,1.6418462130758498,1.6418462180429034,0.8126489015725943,0.8126488819227113
2,1.666068098835043,1.6660680964186385,0.9295261155117999,0.929526108961839
3,1.669561164019859,1.669561159120847,1.2939965541546161,1.2939965541546161
4,1.6208693503516993,1.6208693544342094,0.9277096546285755,0.9277096415286535
0,1.530574672434428,1.530574674067432,0.9272612385697417,0.9272612372597495
1,1.5283039614960954,1.5283039614960954,0.9988896899170928,0.9988896899170928
2,1.5730820517573092,1.5730820430649652,0.9201635931219373,0.9201635931219373
3,1.5601312397299587,1.5601312260369997,0.9589643976190588,0.9589644166139456
4,1.6003142272772855,1.6003142162545088,0.7918022951254478,0.7918022885754868
0,1.597030511578998,1.5970305139954026,0.7586139695984977,0.7586139564985758
1,1.5196438373790846,1.519643832412031,1.1509788927141127,1.1509788992640737
2,1.5189600667437992,1.5189600812422264,0.7779158176956597,0.7779158307955816
3,1.4782625943014067,1.4782625943014067,1.1168319628788874,1.1168319497789656
4,1.4934158970231879,1.493415892124176,1.0363240700501661,1.0363240831500882
0,1.5282667081903767,1.5282667061767063,0.7795555185485672,0.7795555250985282
1,1.5473316411177318,1.547331653535366,0.9771437232310956,0.9771437297810565
2,1.542846301922927,1.542846310783077,0.7592693750674908,0.7592693750674908
3,1.525246699787166,1.525246703461425,0.7111501228678357,0.7111501163178748
4,1.464670429082766,1.4646704388807898,0.6978269741757885,0.6978269872757105
0,1.4635715766533002,1.4635715718204911,0.6220983797377282,0.6220983830127087
1,1.4113218951715183,1.4113218804744825,0.899118266917847,0.899118260367886
2,1.4971306936381614,1.4971306695513529,0.7145186695423755,0.7145186695423755
3,1.4556387111748734,1.4556386977025908,0.8110967972776392,0.8110967972776392
4,1.5008843843251058,1.5008843745270821,0.7404405717011336,0.7404405723561297
0,1.4260681193985352,1.4260681153160253,0.8026682439741197,0.8026682433191237
1,1.4129338007267207,1.412933788887442,1.1644169616175222,1.1644169681674832
2,1.4162189421588427,1.4162189409340897,0.8010622603552682,0.8010622669052292
3,1.4076008933621484,1.407600901819564,0.6857104635500646,0.6857104556901115
4,1.4803413414471858,1.480341351515538,0.7229858420707367,0.7229858322457953
0,1.3933567943638319,1.393356782116302,0.8544142049747508,0.8544141984247899
1,1.4199843406677246,1.4199843312779519,0.7564157948389159,0.7564158013888768
2,1.4042036932062458,1.4042036750832119,0.7952619077085139,0.795261894608592
3,1.391373378773258,1.3913733542781987,0.8624054940192254,0.8624054874692645
4,1.4093681030893979,1.4093680920666212,0.6854511682803814,0.6854511748303423
0,1.5214698984198374,1.5214698910713196,1.0695559218689636,1.0695559349688855
1,1.3811707913059077,1.3811708011039316,0.8621112255604713,0.8621112255604713
2,1.3737770178028055,1.373777015386401,0.7017722996054115,0.7017722996054115
3,1.3534302356308454,1.353430250327881,0.7403109073638916,0.7403109073638916
4,1.332353372279912,1.332353368605653,0.7426790496805212,0.7426790562304821
5,1.3328221883322742,1.3328221895404764,0.9965443873143458,0.9965443873143458
6,1.3033446955354246,1.3033447090077073,0.6854271584159726,0.6854271715158945
7,1.360486040926642,1.3604860396848784,0.7280201086631188,0.7280201021131578
8,1.3211016683159649,1.3211016707323693,0.8004644893027923,0.800464486027812
9,1.3318164360849825,1.3318164422087473,0.7081613868147463,0.7081613802647853
0,1.285857521099587,1.285857523549093,0.6301226746904981,0.6301226845154395
1,1.3185106634277186,1.3185106626112166,0.8737382623520527,0.8737382558020916
2,1.3233935398024481,1.323393534969639,0.6655210210726812,0.6655210276226421
3,1.2900454610177916,1.2900454671415564,0.6441207991524057,0.6441207893274643
4,1.3440886094962081,1.3440886070467022,0.6001456422465188,0.6001456325853264
5,1.288218027516587,1.288218032415599,0.744236049252552,0.744236042702591
6,1.3460639517855,1.3460639554101068,0.7612100869089693,0.7612100869089693
7,1.2951324431047047,1.2951324426964537,0.5975847093613593,0.5975847257362618
8,1.301874630663493,1.30187462943874,0.7655834332927243,0.7655834395151871
9,1.3068955552739066,1.3068955576903112,0.8638954300146836,0.8638954234647227
0,1.3015911219871208,1.3015911109643439,0.628868084687453,0.6288680814124725
1,1.2629693653937932,1.2629693811004226,0.779096571953742,0.7790965785037031
2,1.3072030159334342,1.30720300724109,1.0294974930993803,1.0294975061993024
3,1.3238886868300503,1.3238886843805444,0.9270632790995168,0.9270632725495559
4,1.2531169342833597,1.2531169391161687,0.6826730989492856,0.6826731185991686
5,1.2969124766245281,1.296912482748293,0.6770158459197034,0.6770158459197034
6,1.3011926585758053,1.3011926573676031,0.8902161920463646,0.8902161854964036
7,1.2667683325707912,1.2667683387796085,0.8163935915454403,0.8163935980954014
8,1.239962655950237,1.239962651117428,0.7617420963533632,0.7617421094532851
9,1.3150476445890453,1.315047654387069,0.8299798022259722,0.8299798022259722
0,1.2486861148109174,1.2486861139944154,0.7642298668295473,0.7642298537296254
1,1.293966331302303,1.293966333751809,0.6483761511006199,0.6483761707505027
2,1.2516167964020821,1.251616790278317,0.7853577991763314,0.7853578024513119
3,1.2826541545423302,1.2826541581669368,0.8032458614517044,0.8032458549017435
4,1.2710108156945255,1.2710107963632893,0.6321067698709257,0.6321067731459062
0,1.2341114315268111,1.234111433976317,0.8628982397226187,0.8628982462725796
1,1.2348943143277555,1.2348943239933736,0.8147705367633274,0.8147705305408646
2,1.2416176840867081,1.2416176930682299,0.560458270075557,0.5604582571393841
3,1.2354193721732047,1.2354193746227107,0.5938024599473555,0.5938024501224141
4,1.2365154509675014,1.2365154452519873,0.7506746165045015,0.7506746161770035
